2024-04-20 21:48:10,247 INFO  Main: Начало скачек. Количество участников: 7
2024-04-20 21:49:44,026 INFO  Main: Начало скачек. Количество участников: 7
2024-04-20 21:49:44,848 INFO  Main: Окончание скачек. Победитель: Pegasus
2024-04-20 22:01:21,691 DEBUG Hippodrome: Создание Hippodrome, лошадей 7
2024-04-20 22:01:21,694 INFO  Main: Начало скачек. Количество участников: 7
2024-04-20 22:01:22,515 INFO  Main: Окончание скачек. Победитель: Zephyr
2024-04-20 22:04:58,767 DEBUG Horse: Создание Horse, имя Bucephalus, скорость 2.4
2024-04-20 22:04:58,770 DEBUG Horse: Создание Horse, имя Ace of Spades, скорость 2.5
2024-04-20 22:04:58,771 DEBUG Horse: Создание Horse, имя Zephyr, скорость 2.6
2024-04-20 22:04:58,771 DEBUG Horse: Создание Horse, имя Blaze, скорость 2.7
2024-04-20 22:04:58,771 DEBUG Horse: Создание Horse, имя Lobster, скорость 2.8
2024-04-20 22:04:58,771 DEBUG Horse: Создание Horse, имя Pegasus, скорость 2.9
2024-04-20 22:04:58,771 DEBUG Horse: Создание Horse, имя Cherry, скорость 3.0
2024-04-20 22:04:58,772 DEBUG Hippodrome: Создание Hippodrome, лошадей 7
2024-04-20 22:04:58,772 INFO  Main: Начало скачек. Количество участников: 7
2024-04-20 22:04:59,602 INFO  Main: Окончание скачек. Победитель: Pegasus
2024-04-20 22:06:19,145 DEBUG Horse: Создание Horse, имя ssd, скорость 2.0
2024-04-20 22:06:19,147 DEBUG Horse: Создание Horse, имя ssj, скорость 2.0
2024-04-20 22:06:19,148 DEBUG Hippodrome: Создание Hippodrome, лошадей 2
2024-04-20 22:06:19,163 ERROR Hippodrome: Horses list is null
2024-04-20 22:06:20,190 DEBUG Hippodrome: Создание Hippodrome, лошадей 50
2024-04-20 22:06:20,255 ERROR Hippodrome: Horses list is empty
2024-04-20 22:06:20,260 DEBUG Horse: Создание Horse, имя 0, скорость 0.0
2024-04-20 22:06:20,260 DEBUG Horse: Создание Horse, имя 1, скорость 1.0
2024-04-20 22:06:20,260 DEBUG Horse: Создание Horse, имя 2, скорость 2.0
2024-04-20 22:06:20,260 DEBUG Horse: Создание Horse, имя 3, скорость 3.0
2024-04-20 22:06:20,260 DEBUG Horse: Создание Horse, имя 4, скорость 4.0
2024-04-20 22:06:20,260 DEBUG Horse: Создание Horse, имя 5, скорость 5.0
2024-04-20 22:06:20,260 DEBUG Horse: Создание Horse, имя 6, скорость 6.0
2024-04-20 22:06:20,260 DEBUG Horse: Создание Horse, имя 7, скорость 7.0
2024-04-20 22:06:20,260 DEBUG Horse: Создание Horse, имя 8, скорость 8.0
2024-04-20 22:06:20,261 DEBUG Horse: Создание Horse, имя 9, скорость 9.0
2024-04-20 22:06:20,261 DEBUG Horse: Создание Horse, имя 10, скорость 10.0
2024-04-20 22:06:20,261 DEBUG Horse: Создание Horse, имя 11, скорость 11.0
2024-04-20 22:06:20,261 DEBUG Horse: Создание Horse, имя 12, скорость 12.0
2024-04-20 22:06:20,261 DEBUG Horse: Создание Horse, имя 13, скорость 13.0
2024-04-20 22:06:20,261 DEBUG Horse: Создание Horse, имя 14, скорость 14.0
2024-04-20 22:06:20,261 DEBUG Horse: Создание Horse, имя 15, скорость 15.0
2024-04-20 22:06:20,261 DEBUG Horse: Создание Horse, имя 16, скорость 16.0
2024-04-20 22:06:20,261 DEBUG Horse: Создание Horse, имя 17, скорость 17.0
2024-04-20 22:06:20,261 DEBUG Horse: Создание Horse, имя 18, скорость 18.0
2024-04-20 22:06:20,261 DEBUG Horse: Создание Horse, имя 19, скорость 19.0
2024-04-20 22:06:20,261 DEBUG Horse: Создание Horse, имя 20, скорость 20.0
2024-04-20 22:06:20,261 DEBUG Horse: Создание Horse, имя 21, скорость 21.0
2024-04-20 22:06:20,261 DEBUG Horse: Создание Horse, имя 22, скорость 22.0
2024-04-20 22:06:20,262 DEBUG Horse: Создание Horse, имя 23, скорость 23.0
2024-04-20 22:06:20,262 DEBUG Horse: Создание Horse, имя 24, скорость 24.0
2024-04-20 22:06:20,262 DEBUG Horse: Создание Horse, имя 25, скорость 25.0
2024-04-20 22:06:20,262 DEBUG Horse: Создание Horse, имя 26, скорость 26.0
2024-04-20 22:06:20,262 DEBUG Horse: Создание Horse, имя 27, скорость 27.0
2024-04-20 22:06:20,262 DEBUG Horse: Создание Horse, имя 28, скорость 28.0
2024-04-20 22:06:20,262 DEBUG Horse: Создание Horse, имя 29, скорость 29.0
2024-04-20 22:06:20,262 DEBUG Hippodrome: Создание Hippodrome, лошадей 30
2024-04-20 22:06:20,415 ERROR Horse: Name is blank
2024-04-20 22:06:20,428 ERROR Horse: Name is blank
2024-04-20 22:06:20,431 DEBUG Horse: Создание Horse, имя name, скорость 2.0
2024-04-20 22:06:20,435 ERROR Horse: Distance is negative
2024-04-20 22:06:20,452 DEBUG Horse: Создание Horse, имя name, скорость 2.0
2024-04-20 22:06:20,465 DEBUG Horse: Создание Horse, имя name, скорость 2.0
2024-04-20 22:06:20,469 DEBUG Horse: Создание Horse, имя name, скорость 2.0
2024-04-20 22:06:20,473 DEBUG Horse: Создание Horse, имя name, скорость 2.0
2024-04-20 22:06:20,473 DEBUG Horse: Создание Horse, имя name, скорость 2.0
2024-04-20 22:06:20,480 DEBUG Horse: Создание Horse, имя Name, скорость 2.0
2024-04-20 22:06:20,483 ERROR Horse: Name is null
2024-04-20 22:08:08,100 DEBUG Horse: Создание Horse, имя ssd, скорость 2.0
2024-04-20 22:08:08,103 DEBUG Horse: Создание Horse, имя ssj, скорость 2.0
2024-04-20 22:08:08,103 DEBUG Hippodrome: Создание Hippodrome, лошадей 2
2024-04-20 22:08:08,118 ERROR Hippodrome: Horses list is null
2024-04-20 22:08:09,150 DEBUG Hippodrome: Создание Hippodrome, лошадей 50
2024-04-20 22:08:09,208 ERROR Hippodrome: Horses list is empty
2024-04-20 22:08:09,212 DEBUG Horse: Создание Horse, имя 0, скорость 0.0
2024-04-20 22:08:09,212 DEBUG Horse: Создание Horse, имя 1, скорость 1.0
2024-04-20 22:08:09,212 DEBUG Horse: Создание Horse, имя 2, скорость 2.0
2024-04-20 22:08:09,212 DEBUG Horse: Создание Horse, имя 3, скорость 3.0
2024-04-20 22:08:09,212 DEBUG Horse: Создание Horse, имя 4, скорость 4.0
2024-04-20 22:08:09,212 DEBUG Horse: Создание Horse, имя 5, скорость 5.0
2024-04-20 22:08:09,212 DEBUG Horse: Создание Horse, имя 6, скорость 6.0
2024-04-20 22:08:09,212 DEBUG Horse: Создание Horse, имя 7, скорость 7.0
2024-04-20 22:08:09,213 DEBUG Horse: Создание Horse, имя 8, скорость 8.0
2024-04-20 22:08:09,213 DEBUG Horse: Создание Horse, имя 9, скорость 9.0
2024-04-20 22:08:09,213 DEBUG Horse: Создание Horse, имя 10, скорость 10.0
2024-04-20 22:08:09,213 DEBUG Horse: Создание Horse, имя 11, скорость 11.0
2024-04-20 22:08:09,213 DEBUG Horse: Создание Horse, имя 12, скорость 12.0
2024-04-20 22:08:09,213 DEBUG Horse: Создание Horse, имя 13, скорость 13.0
2024-04-20 22:08:09,213 DEBUG Horse: Создание Horse, имя 14, скорость 14.0
2024-04-20 22:08:09,213 DEBUG Horse: Создание Horse, имя 15, скорость 15.0
2024-04-20 22:08:09,213 DEBUG Horse: Создание Horse, имя 16, скорость 16.0
2024-04-20 22:08:09,213 DEBUG Horse: Создание Horse, имя 17, скорость 17.0
2024-04-20 22:08:09,213 DEBUG Horse: Создание Horse, имя 18, скорость 18.0
2024-04-20 22:08:09,214 DEBUG Horse: Создание Horse, имя 19, скорость 19.0
2024-04-20 22:08:09,214 DEBUG Horse: Создание Horse, имя 20, скорость 20.0
2024-04-20 22:08:09,214 DEBUG Horse: Создание Horse, имя 21, скорость 21.0
2024-04-20 22:08:09,214 DEBUG Horse: Создание Horse, имя 22, скорость 22.0
2024-04-20 22:08:09,214 DEBUG Horse: Создание Horse, имя 23, скорость 23.0
2024-04-20 22:08:09,214 DEBUG Horse: Создание Horse, имя 24, скорость 24.0
2024-04-20 22:08:09,214 DEBUG Horse: Создание Horse, имя 25, скорость 25.0
2024-04-20 22:08:09,214 DEBUG Horse: Создание Horse, имя 26, скорость 26.0
2024-04-20 22:08:09,214 DEBUG Horse: Создание Horse, имя 27, скорость 27.0
2024-04-20 22:08:09,215 DEBUG Horse: Создание Horse, имя 28, скорость 28.0
2024-04-20 22:08:09,215 DEBUG Horse: Создание Horse, имя 29, скорость 29.0
2024-04-20 22:08:09,215 DEBUG Hippodrome: Создание Hippodrome, лошадей 30
2024-04-20 22:08:09,369 ERROR Horse: Name is blank
2024-04-20 22:08:09,381 ERROR Horse: Name is blank
2024-04-20 22:08:09,384 DEBUG Horse: Создание Horse, имя name, скорость 2.0
2024-04-20 22:08:09,387 ERROR Horse: Distance is negative
2024-04-20 22:08:09,390 DEBUG Horse: Создание Horse, имя name, скорость 2.0
2024-04-20 22:08:09,390 DEBUG Horse: Создание Horse, имя name, скорость 2.0
2024-04-20 22:08:09,398 DEBUG Horse: Создание Horse, имя Name, скорость 2.0
2024-04-20 22:08:09,401 ERROR Horse: Name is null
2024-04-20 22:19:18,277 DEBUG Horse: Создание Horse, имя ssd, скорость 2.0
2024-04-20 22:19:18,279 DEBUG Horse: Создание Horse, имя ssj, скорость 2.0
2024-04-20 22:19:18,280 DEBUG Hippodrome: Создание Hippodrome, лошадей 2
2024-04-20 22:19:26,746 DEBUG Hippodrome: Создание Hippodrome, лошадей 50
2024-04-20 22:26:10,179 DEBUG Horse: Создание Horse, имя name, скорость 2.0
2024-04-20 22:26:10,243 DEBUG Horse: Создание Horse, имя name, скорость 2.0
2024-04-20 22:26:10,256 DEBUG Horse: Создание Horse, имя name, скорость 2.0
2024-04-20 22:27:03,994 DEBUG Horse: Создание Horse, имя name, скорость 2.0
2024-04-20 22:27:04,057 DEBUG Horse: Создание Horse, имя name, скорость 2.0
2024-04-20 22:27:04,065 DEBUG Horse: Создание Horse, имя name, скорость 2.0
2024-04-20 22:27:25,431 DEBUG Horse: Создание Horse, имя ssd, скорость 2.0
2024-04-20 22:27:25,434 DEBUG Horse: Создание Horse, имя ssj, скорость 2.0
2024-04-20 22:27:25,435 DEBUG Hippodrome: Создание Hippodrome, лошадей 2
2024-04-20 22:27:25,448 ERROR Hippodrome: Horses list is null
2024-04-20 22:27:26,480 DEBUG Hippodrome: Создание Hippodrome, лошадей 50
2024-04-20 22:27:26,539 ERROR Hippodrome: Horses list is empty
2024-04-20 22:27:26,544 DEBUG Horse: Создание Horse, имя 0, скорость 0.0
2024-04-20 22:27:26,544 DEBUG Horse: Создание Horse, имя 1, скорость 1.0
2024-04-20 22:27:26,544 DEBUG Horse: Создание Horse, имя 2, скорость 2.0
2024-04-20 22:27:26,544 DEBUG Horse: Создание Horse, имя 3, скорость 3.0
2024-04-20 22:27:26,545 DEBUG Horse: Создание Horse, имя 4, скорость 4.0
2024-04-20 22:27:26,545 DEBUG Horse: Создание Horse, имя 5, скорость 5.0
2024-04-20 22:27:26,545 DEBUG Horse: Создание Horse, имя 6, скорость 6.0
2024-04-20 22:27:26,545 DEBUG Horse: Создание Horse, имя 7, скорость 7.0
2024-04-20 22:27:26,545 DEBUG Horse: Создание Horse, имя 8, скорость 8.0
2024-04-20 22:27:26,545 DEBUG Horse: Создание Horse, имя 9, скорость 9.0
2024-04-20 22:27:26,545 DEBUG Horse: Создание Horse, имя 10, скорость 10.0
2024-04-20 22:27:26,545 DEBUG Horse: Создание Horse, имя 11, скорость 11.0
2024-04-20 22:27:26,545 DEBUG Horse: Создание Horse, имя 12, скорость 12.0
2024-04-20 22:27:26,545 DEBUG Horse: Создание Horse, имя 13, скорость 13.0
2024-04-20 22:27:26,545 DEBUG Horse: Создание Horse, имя 14, скорость 14.0
2024-04-20 22:27:26,545 DEBUG Horse: Создание Horse, имя 15, скорость 15.0
2024-04-20 22:27:26,545 DEBUG Horse: Создание Horse, имя 16, скорость 16.0
2024-04-20 22:27:26,545 DEBUG Horse: Создание Horse, имя 17, скорость 17.0
2024-04-20 22:27:26,546 DEBUG Horse: Создание Horse, имя 18, скорость 18.0
2024-04-20 22:27:26,546 DEBUG Horse: Создание Horse, имя 19, скорость 19.0
2024-04-20 22:27:26,546 DEBUG Horse: Создание Horse, имя 20, скорость 20.0
2024-04-20 22:27:26,546 DEBUG Horse: Создание Horse, имя 21, скорость 21.0
2024-04-20 22:27:26,546 DEBUG Horse: Создание Horse, имя 22, скорость 22.0
2024-04-20 22:27:26,546 DEBUG Horse: Создание Horse, имя 23, скорость 23.0
2024-04-20 22:27:26,546 DEBUG Horse: Создание Horse, имя 24, скорость 24.0
2024-04-20 22:27:26,546 DEBUG Horse: Создание Horse, имя 25, скорость 25.0
2024-04-20 22:27:26,546 DEBUG Horse: Создание Horse, имя 26, скорость 26.0
2024-04-20 22:27:26,546 DEBUG Horse: Создание Horse, имя 27, скорость 27.0
2024-04-20 22:27:26,546 DEBUG Horse: Создание Horse, имя 28, скорость 28.0
2024-04-20 22:27:26,546 DEBUG Horse: Создание Horse, имя 29, скорость 29.0
2024-04-20 22:27:26,546 DEBUG Hippodrome: Создание Hippodrome, лошадей 30
2024-04-20 22:27:26,670 ERROR Horse: Name is blank
2024-04-20 22:27:26,681 ERROR Horse: Name is blank
2024-04-20 22:27:26,684 DEBUG Horse: Создание Horse, имя name, скорость 2.0
2024-04-20 22:27:26,687 ERROR Horse: Distance is negative
2024-04-20 22:27:26,700 DEBUG Horse: Создание Horse, имя name, скорость 2.0
2024-04-20 22:27:26,706 DEBUG Horse: Создание Horse, имя name, скорость 2.0
2024-04-20 22:27:26,709 DEBUG Horse: Создание Horse, имя name, скорость 2.0
2024-04-20 22:27:26,712 DEBUG Horse: Создание Horse, имя name, скорость 2.0
2024-04-20 22:27:26,712 DEBUG Horse: Создание Horse, имя name, скорость 2.0
2024-04-20 22:27:26,720 DEBUG Horse: Создание Horse, имя Name, скорость 2.0
2024-04-20 22:27:26,722 ERROR Horse: Name is null
